<?xml version="1.0" encoding="UTF-8"?>
<!-- Generated by org.testng.reporters.JUnitReportReporter -->
<testsuite hostname="akash_anand" name="com.diksha.tst.TestScripts.RestApi" tests="19" failures="0" timestamp="11 Dec 2018 08:52:28 GMT" time="19.864" errors="1">
  <testcase name="userValidation" time="0.727" classname="com.diksha.tst.TestScripts.RestApi"/>
  <testcase name="userValidation" time="0.684" classname="com.diksha.tst.TestScripts.RestApi"/>
  <testcase name="userValidation" time="0.705" classname="com.diksha.tst.TestScripts.RestApi"/>
  <testcase name="userValidation" time="0.738" classname="com.diksha.tst.TestScripts.RestApi"/>
  <testcase name="loginAPI" time="0.276" classname="com.diksha.tst.TestScripts.RestApi">
    <error type="java.lang.AssertionError" message="expected [Spurthi SB] but found [Pulluru Vinod Kumar]">
      <![CDATA[java.lang.AssertionError: expected [Spurthi SB] but found [Pulluru Vinod Kumar]
	at org.testng.Assert.fail(Assert.java:94)
	at org.testng.Assert.failNotEquals(Assert.java:494)
	at org.testng.Assert.assertEquals(Assert.java:123)
	at org.testng.Assert.assertEquals(Assert.java:176)
	at org.testng.Assert.assertEquals(Assert.java:186)
	at com.diksha.tst.TestScripts.RestApi.loginAPI(RestApi.java:87)
	at sun.reflect.NativeMethodAccessorImpl.invoke0(Native Method)
	at sun.reflect.NativeMethodAccessorImpl.invoke(NativeMethodAccessorImpl.java:62)
	at sun.reflect.DelegatingMethodAccessorImpl.invoke(DelegatingMethodAccessorImpl.java:43)
	at java.lang.reflect.Method.invoke(Method.java:498)
	at org.testng.internal.MethodInvocationHelper.invokeMethod(MethodInvocationHelper.java:80)
	at org.testng.internal.Invoker.invokeMethod(Invoker.java:714)
	at org.testng.internal.Invoker.invokeTestMethod(Invoker.java:901)
	at org.testng.internal.Invoker.invokeTestMethods(Invoker.java:1231)
	at org.testng.internal.TestMethodWorker.invokeTestMethods(TestMethodWorker.java:127)
	at org.testng.internal.TestMethodWorker.run(TestMethodWorker.java:111)
	at org.testng.TestRunner.privateRun(TestRunner.java:767)
	at org.testng.TestRunner.run(TestRunner.java:617)
	at org.testng.SuiteRunner.runTest(SuiteRunner.java:334)
	at org.testng.SuiteRunner.runSequentially(SuiteRunner.java:329)
	at org.testng.SuiteRunner.privateRun(SuiteRunner.java:291)
	at org.testng.SuiteRunner.run(SuiteRunner.java:240)
	at org.testng.SuiteRunnerWorker.runSuite(SuiteRunnerWorker.java:52)
	at org.testng.SuiteRunnerWorker.run(SuiteRunnerWorker.java:86)
	at org.testng.TestNG.runSuitesSequentially(TestNG.java:1198)
	at org.testng.TestNG.runSuitesLocally(TestNG.java:1123)
	at org.testng.TestNG.run(TestNG.java:1031)
	at org.testng.remote.AbstractRemoteTestNG.run(AbstractRemoteTestNG.java:114)
	at org.testng.remote.RemoteTestNG.initAndRun(RemoteTestNG.java:251)
	at org.testng.remote.RemoteTestNG.main(RemoteTestNG.java:77)
]]>
    </error>
  </testcase> <!-- loginAPI -->
  <testcase name="userValidation" time="0.910" classname="com.diksha.tst.TestScripts.RestApi"/>
  <testcase name="userValidation" time="1.198" classname="com.diksha.tst.TestScripts.RestApi"/>
  <testcase name="userValidation" time="0.903" classname="com.diksha.tst.TestScripts.RestApi"/>
  <testcase name="userValidation" time="0.687" classname="com.diksha.tst.TestScripts.RestApi"/>
  <testcase name="userValidation" time="0.688" classname="com.diksha.tst.TestScripts.RestApi"/>
  <testcase name="userValidation" time="0.845" classname="com.diksha.tst.TestScripts.RestApi"/>
  <testcase name="userValidation" time="0.891" classname="com.diksha.tst.TestScripts.RestApi"/>
  <testcase name="userValidation" time="0.865" classname="com.diksha.tst.TestScripts.RestApi"/>
  <testcase name="userValidation" time="6.909" classname="com.diksha.tst.TestScripts.RestApi"/>
  <testcase name="userValidation" time="0.785" classname="com.diksha.tst.TestScripts.RestApi"/>
  <testcase name="loginStatus" time="0.546" classname="com.diksha.tst.TestScripts.RestApi"/>
  <testcase name="moduleAccessValidation" time="0.003" classname="com.diksha.tst.TestScripts.RestApi"/>
  <testcase name="userValidation" time="0.738" classname="com.diksha.tst.TestScripts.RestApi"/>
  <testcase name="userValidation" time="0.766" classname="com.diksha.tst.TestScripts.RestApi"/>
</testsuite> <!-- com.diksha.tst.TestScripts.RestApi -->
